Oct 04, 2021 11:28:34 PM seedu.address.MainApp init
INFO: =============================[ Initializing AddressBook ]===========================
Oct 04, 2021 11:28:35 PM seedu.address.MainApp initConfig
INFO: Using config file : config.json
Oct 04, 2021 11:28:35 PM seedu.address.commons.util.JsonUtil readJsonFile
INFO: Json file config.json not found
Oct 04, 2021 11:28:35 PM seedu.address.MainApp initPrefs
INFO: Using prefs file : preferences.json
Oct 04, 2021 11:28:35 PM seedu.address.commons.util.JsonUtil readJsonFile
INFO: Json file preferences.json not found
Oct 04, 2021 11:28:35 PM seedu.address.commons.core.LogsCenter init
INFO: currentLogLevel: INFO
Oct 04, 2021 11:28:35 PM seedu.address.commons.util.JsonUtil readJsonFile
INFO: Json file data\addressbook.json not found
Oct 04, 2021 11:28:35 PM seedu.address.MainApp initModelManager
INFO: Data file not found. Will be starting with a sample AddressBook
Oct 04, 2021 11:28:35 PM seedu.address.MainApp start
INFO: Starting AddressBook V0.6.0ea
Oct 04, 2021 11:28:35 PM seedu.address.ui.UiManager start
INFO: Starting UI...
Oct 04, 2021 11:28:37 PM seedu.address.MainApp stop
INFO: ============================ [ Stopping Address Book ] =============================
